{
  "stats": {
    "suites": 3,
    "tests": 6,
    "passes": 6,
    "pending": 0,
    "failures": 0,
    "start": "2023-08-10T00:31:59.962Z",
    "end": "2023-08-10T00:32:01.801Z",
    "duration": 1839,
    "testsRegistered": 6,
    "passPercent": 100,
    "pendingPercent": 0,
    "other": 0,
    "hasOther": false,
    "skipped": 0,
    "hasSkipped": false
  },
  "results": [
    {
      "uuid": "05c27ad4-3612-4bb1-ad7e-a1ef380aa94e",
      "title": "",
      "fullFile": "cypress\\e2e\\smoke.cy.js",
      "file": "cypress\\e2e\\smoke.cy.js",
      "beforeHooks": [],
      "afterHooks": [],
      "tests": [],
      "suites": [
        {
          "uuid": "1eacc620-5632-4252-b28d-a83090c05b30",
          "title": "home page module tests",
          "fullFile": "",
          "file": "",
          "beforeHooks": [],
          "afterHooks": [],
          "tests": [
            {
              "title": "[A]testing to see hoem page",
              "fullTitle": "home page module tests [A]testing to see hoem page",
              "timedOut": null,
              "duration": 893,
              "state": "passed",
              "speed": "fast",
              "pass": true,
              "fail": false,
              "pending": false,
              "context": null,
              "code": "cy.visit('/');",
              "err": {},
              "uuid": "209558d0-3ef1-4666-a0b7-2d75f135821c",
              "parentUUID": "1eacc620-5632-4252-b28d-a83090c05b30",
              "isHook": false,
              "skipped": false
            },
            {
              "title": "[B]testing to see login page",
              "fullTitle": "home page module tests [B]testing to see login page",
              "timedOut": null,
              "duration": 214,
              "state": "passed",
              "speed": "fast",
              "pass": true,
              "fail": false,
              "pending": false,
              "context": null,
              "code": "cy.visit('/login');",
              "err": {},
              "uuid": "2118b061-b683-41c6-bf01-84ef3b2b0945",
              "parentUUID": "1eacc620-5632-4252-b28d-a83090c05b30",
              "isHook": false,
              "skipped": false
            },
            {
              "title": "[C]testing to see sign up",
              "fullTitle": "home page module tests [C]testing to see sign up",
              "timedOut": null,
              "duration": 160,
              "state": "passed",
              "speed": "fast",
              "pass": true,
              "fail": false,
              "pending": false,
              "context": null,
              "code": "cy.visit('/register');",
              "err": {},
              "uuid": "ae2086d1-8041-47f3-b582-35cc22b12475",
              "parentUUID": "1eacc620-5632-4252-b28d-a83090c05b30",
              "isHook": false,
              "skipped": false
            }
          ],
          "suites": [],
          "passes": [
            "209558d0-3ef1-4666-a0b7-2d75f135821c",
            "2118b061-b683-41c6-bf01-84ef3b2b0945",
            "ae2086d1-8041-47f3-b582-35cc22b12475"
          ],
          "failures": [],
          "pending": [],
          "skipped": [],
          "duration": 1267,
          "root": false,
          "rootEmpty": false,
          "_timeout": 2000
        },
        {
          "uuid": "b9430462-08fc-4c6a-953c-63980652eacf",
          "title": "fronted test",
          "fullFile": "",
          "file": "",
          "beforeHooks": [],
          "afterHooks": [],
          "tests": [
            {
              "title": "[G]testing to see sign up",
              "fullTitle": "fronted test [G]testing to see sign up",
              "timedOut": null,
              "duration": 164,
              "state": "passed",
              "speed": "fast",
              "pass": true,
              "fail": false,
              "pending": false,
              "context": null,
              "code": "cy.visit('/register');",
              "err": {},
              "uuid": "221785e6-80f3-4d7f-b78b-90c7ade0380e",
              "parentUUID": "b9430462-08fc-4c6a-953c-63980652eacf",
              "isHook": false,
              "skipped": false
            }
          ],
          "suites": [
            {
              "uuid": "c626a2be-d76a-43c5-9723-63a6b6d1260a",
              "title": "user registration module tests",
              "fullFile": "",
              "file": "",
              "beforeHooks": [],
              "afterHooks": [],
              "tests": [
                {
                  "title": "[E]testing to see hoem page",
                  "fullTitle": "fronted test user registration module tests [E]testing to see hoem page",
                  "timedOut": null,
                  "duration": 208,
                  "state": "passed",
                  "speed": "fast",
                  "pass": true,
                  "fail": false,
                  "pending": false,
                  "context": null,
                  "code": "cy.visit('/');",
                  "err": {},
                  "uuid": "a4d02dbf-0f2f-4d10-9207-b8cef2097fb3",
                  "parentUUID": "c626a2be-d76a-43c5-9723-63a6b6d1260a",
                  "isHook": false,
                  "skipped": false
                },
                {
                  "title": "[F]testing to see login page",
                  "fullTitle": "fronted test user registration module tests [F]testing to see login page",
                  "timedOut": null,
                  "duration": 160,
                  "state": "passed",
                  "speed": "fast",
                  "pass": true,
                  "fail": false,
                  "pending": false,
                  "context": null,
                  "code": "cy.visit('/login');",
                  "err": {},
                  "uuid": "e3e2bf1e-9af2-4ef6-b730-628e379b740a",
                  "parentUUID": "c626a2be-d76a-43c5-9723-63a6b6d1260a",
                  "isHook": false,
                  "skipped": false
                }
              ],
              "suites": [],
              "passes": [
                "a4d02dbf-0f2f-4d10-9207-b8cef2097fb3",
                "e3e2bf1e-9af2-4ef6-b730-628e379b740a"
              ],
              "failures": [],
              "pending": [],
              "skipped": [],
              "duration": 368,
              "root": false,
              "rootEmpty": false,
              "_timeout": 2000
            }
          ],
          "passes": [
            "221785e6-80f3-4d7f-b78b-90c7ade0380e"
          ],
          "failures": [],
          "pending": [],
          "skipped": [],
          "duration": 164,
          "root": false,
          "rootEmpty": false,
          "_timeout": 2000
        }
      ],
      "passes": [],
      "failures": [],
      "pending": [],
      "skipped": [],
      "duration": 0,
      "root": true,
      "rootEmpty": true,
      "_timeout": 2000
    }
  ],
  "meta": {
    "mocha": {
      "version": "7.0.1"
    },
    "mochawesome": {
      "options": {
        "quiet": false,
        "reportFilename": "conduit-[name]-[status]-[datetime]",
        "saveHtml": true,
        "saveJson": true,
        "consoleReporter": "spec",
        "useInlineDiffs": false,
        "code": true
      },
      "version": "7.1.3"
    },
    "marge": {
      "options": {
        "reportFilename": "conduit-[name]-[status]-[datetime]",
        "timestamp": "longDate"
      },
      "version": "6.2.0"
    }
  }
}